Traceback (most recent call last):
  File "/Users/alexjames/miniconda3/envs/insolation2/lib/python3.12/site-packages/jupyter_cache/executors/utils.py", line 58, in single_nb_execution
    executenb(
  File "/Users/alexjames/miniconda3/envs/insolation2/lib/python3.12/site-packages/nbclient/client.py", line 1319, in execute
    return NotebookClient(nb=nb, resources=resources, km=km, **kwargs).execute()
           ^^^^^^^^^^^^^^^^^^^^^^^^^^^^^^^^^^^^^^^^^^^^^^^^^^^^^^^^^^^^^^^^^^^^^
  File "/Users/alexjames/miniconda3/envs/insolation2/lib/python3.12/site-packages/jupyter_core/utils/__init__.py", line 165, in wrapped
    return loop.run_until_complete(inner)
           ^^^^^^^^^^^^^^^^^^^^^^^^^^^^^^
  File "/Users/alexjames/miniconda3/envs/insolation2/lib/python3.12/asyncio/base_events.py", line 691, in run_until_complete
    return future.result()
           ^^^^^^^^^^^^^^^
  File "/Users/alexjames/miniconda3/envs/insolation2/lib/python3.12/site-packages/nbclient/client.py", line 709, in async_execute
    await self.async_execute_cell(
  File "/Users/alexjames/miniconda3/envs/insolation2/lib/python3.12/site-packages/nbclient/client.py", line 1062, in async_execute_cell
    await self._check_raise_for_error(cell, cell_index, exec_reply)
  File "/Users/alexjames/miniconda3/envs/insolation2/lib/python3.12/site-packages/nbclient/client.py", line 918, in _check_raise_for_error
    raise CellExecutionError.from_cell_and_msg(cell, exec_reply_content)
nbclient.exceptions.CellExecutionError: An error occurred while executing the following cell:
------------------
# Parsing this object for oxygen isotopes and saving them into a dictionary

series_list = []
doi_dict = {}
lat_dict = {}
value_name = "d18O"

for record in record_names:
    d = LiPD()
    d.load(f"{lipd_path}/{record}.lpd")
    df = d.get_timeseries_essentials()
    row = df[df["paleoData_variableName"] == value_name]
    lat = row["geo_meanLat"].to_numpy()[0]
    lon = row["geo_meanLon"].to_numpy()[0]
    elevation = row["geo_meanElev"].to_numpy()[0]
    value = row["paleoData_values"].to_numpy()[0]
    value_unit = row["paleoData_units"].to_numpy()[0]
    time = row["time_values"].to_numpy()[0]
    time_unit = row["time_units"].to_numpy()[0]
    time_name = row["time_variableName"].to_numpy()[0]
    label = row["dataSetName"].to_numpy()[0]
    geo_series = pyleo.GeoSeries(
        time=time,
        value=value,
        lat=lat,
        lon=lon,
        elevation=elevation,
        time_unit=time_unit,
        time_name=time_name,
        value_name=value_name,
        value_unit=value_unit,
        label=label,
        archiveType="speleothem",
    )
    series_list.append(geo_series)

    _, doi_df = d.get_timeseries(dsnames=record, to_dataframe=True)
    doi_dict[label] = doi_df["pub1_doi"][0]
    lat_dict[label] = lat
------------------

----- stdout -----
Loading 1 LiPD files
----- stderr -----
  0%|                                                                                             | 0/1 [00:00<?, ?it/s]
----- stderr -----
100%|█████████████████████████████████████████████████████████████████████████████████████| 1/1 [00:00<00:00, 73.24it/s]
----- stderr -----

----- stdout -----
Loaded..
Time axis values sorted in ascending order
------------------

[31m---------------------------------------------------------------------------[39m
[31mKeyError[39m                                  Traceback (most recent call last)
[36mCell[39m[36m [39m[32mIn[3][39m[32m, line 37[39m
[32m     22[39m geo_series = pyleo.GeoSeries(
[32m     23[39m     time=time,
[32m     24[39m     value=value,
[32m   (...)[39m[32m     33[39m     archiveType=[33m"[39m[33mspeleothem[39m[33m"[39m,
[32m     34[39m )
[32m     35[39m series_list.append(geo_series)
[32m---> [39m[32m37[39m _, doi_df = [43md[49m[43m.[49m[43mget_timeseries[49m[43m([49m[43mdsnames[49m[43m=[49m[43mrecord[49m[43m,[49m[43m [49m[43mto_dataframe[49m[43m=[49m[38;5;28;43;01mTrue[39;49;00m[43m)[49m
[32m     38[39m doi_dict[label] = doi_df[[33m"[39m[33mpub1_doi[39m[33m"[39m][[32m0[39m]
[32m     39[39m lat_dict[label] = lat

[36mFile [39m[32m~/miniconda3/envs/insolation2/lib/python3.12/site-packages/pylipd/lipd.py:436[39m, in [36mLiPD.get_timeseries[39m[34m(self, dsnames, to_dataframe, mode, time)[39m
[32m    433[39m [38;5;28;01mif[39;00m [38;5;28mtype[39m(dsnames)==[38;5;28mstr[39m:
[32m    434[39m     dsnames=[dsnames]
[32m--> [39m[32m436[39m ts = [38;5;28;43mself[39;49m[43m.[49m[43m_get_timeseries[49m[43m([49m[43mdsnames[49m[43m,[49m[43m [49m[43mmode[49m[43m=[49m[43mmode[49m[43m,[49m[43m [49m[43mtime[49m[43m=[49m[43mtime[49m[43m)[49m
[32m    437[39m [38;5;28;01mif[39;00m to_dataframe == [38;5;28;01mFalse[39;00m:
[32m    438[39m     [38;5;28;01mreturn[39;00m ts

[36mFile [39m[32m~/miniconda3/envs/insolation2/lib/python3.12/site-packages/pylipd/lipd.py:454[39m, in [36mLiPD._get_timeseries[39m[34m(self, dsnames, mode, time)[39m
[32m    452[39m [38;5;28;01mfor[39;00m dsname [38;5;129;01min[39;00m dsnames:
[32m    453[39m     converter = RDFToLiPD([38;5;28mself[39m.graph)
[32m--> [39m[32m454[39m     d = [43mconverter[49m[43m.[49m[43mconvert_to_json[49m[43m([49m[43mdsname[49m[43m)[49m
[32m    455[39m     [38;5;28mprint[39m([33m"[39m[33mExtracting timeseries from dataset: [39m[33m"[39m + dsname + [33m"[39m[33m ...[39m[33m"[39m)
[32m    456[39m     [38;5;28;01mif[39;00m [38;5;28mlen[39m(d.items()):

[36mFile [39m[32m~/miniconda3/envs/insolation2/lib/python3.12/site-packages/pylipd/utils/rdf_to_lipd.py:82[39m, in [36mRDFToLiPD.convert_to_json[39m[34m(self, dsname)[39m
[32m     79[39m [38;5;28mself[39m._get_indexed_facts([38;5;28mself[39m.namespace + dsname)
[32m     81[39m lipd = [38;5;28mself[39m._convert_to_lipd([38;5;28mself[39m.namespace + dsname, [33m"[39m[33mDataset[39m[33m"[39m, [33m"[39m[33mDataset[39m[33m"[39m, pagesdone={})
[32m---> [39m[32m82[39m lipd = [38;5;28;43mself[39;49m[43m.[49m[43m_post_processing[49m[43m([49m[43mlipd[49m[43m)[49m
[32m     83[39m [38;5;28;01mreturn[39;00m lipd

[36mFile [39m[32m~/miniconda3/envs/insolation2/lib/python3.12/site-packages/pylipd/utils/rdf_to_lipd.py:379[39m, in [36mRDFToLiPD._post_processing[39m[34m(self, obj, parent)[39m
[32m    377[39m [38;5;28;01mif[39;00m [38;5;28mtype[39m(value) [38;5;129;01mis[39;00m [38;5;28mlist[39m:
[32m    378[39m     [38;5;28;01mfor[39;00m i [38;5;129;01min[39;00m [38;5;28mrange[39m([38;5;28mlen[39m(value)):
[32m--> [39m[32m379[39m         obj[key][i] = [38;5;28;43mself[39;49m[43m.[49m[43m_post_processing[49m[43m([49m[43mvalue[49m[43m[[49m[43mi[49m[43m][49m[43m,[49m[43m [49m[43mobj[49m[43m)[49m
[32m    380[39m [38;5;28;01melse[39;00m:
[32m    381[39m     obj[key] = [38;5;28mself[39m._post_processing(value, obj)

[36mFile [39m[32m~/miniconda3/envs/insolation2/lib/python3.12/site-packages/pylipd/utils/rdf_to_lipd.py:379[39m, in [36mRDFToLiPD._post_processing[39m[34m(self, obj, parent)[39m
[32m    377[39m [38;5;28;01mif[39;00m [38;5;28mtype[39m(value) [38;5;129;01mis[39;00m [38;5;28mlist[39m:
[32m    378[39m     [38;5;28;01mfor[39;00m i [38;5;129;01min[39;00m [38;5;28mrange[39m([38;5;28mlen[39m(value)):
[32m--> [39m[32m379[39m         obj[key][i] = [38;5;28;43mself[39;49m[43m.[49m[43m_post_processing[49m[43m([49m[43mvalue[49m[43m[[49m[43mi[49m[43m][49m[43m,[49m[43m [49m[43mobj[49m[43m)[49m
[32m    380[39m [38;5;28;01melse[39;00m:
[32m    381[39m     obj[key] = [38;5;28mself[39m._post_processing(value, obj)

    [31m[... skipping similar frames: RDFToLiPD._post_processing at line 379 (1 times)][39m

[36mFile [39m[32m~/miniconda3/envs/insolation2/lib/python3.12/site-packages/pylipd/utils/rdf_to_lipd.py:379[39m, in [36mRDFToLiPD._post_processing[39m[34m(self, obj, parent)[39m
[32m    377[39m [38;5;28;01mif[39;00m [38;5;28mtype[39m(value) [38;5;129;01mis[39;00m [38;5;28mlist[39m:
[32m    378[39m     [38;5;28;01mfor[39;00m i [38;5;129;01min[39;00m [38;5;28mrange[39m([38;5;28mlen[39m(value)):
[32m--> [39m[32m379[39m         obj[key][i] = [38;5;28;43mself[39;49m[43m.[49m[43m_post_processing[49m[43m([49m[43mvalue[49m[43m[[49m[43mi[49m[43m][49m[43m,[49m[43m [49m[43mobj[49m[43m)[49m
[32m    380[39m [38;5;28;01melse[39;00m:
[32m    381[39m     obj[key] = [38;5;28mself[39m._post_processing(value, obj)

[36mFile [39m[32m~/miniconda3/envs/insolation2/lib/python3.12/site-packages/pylipd/utils/rdf_to_lipd.py:374[39m, in [36mRDFToLiPD._post_processing[39m[34m(self, obj, parent)[39m
[32m    372[39m     [38;5;28;01mfor[39;00m func [38;5;129;01min[39;00m tschema[[33m"[39m[33m@toJson_pre[39m[33m"[39m]:
[32m    373[39m         fn = [38;5;28mgetattr[39m([38;5;28mself[39m, func)
[32m--> [39m[32m374[39m         obj = [43mfn[49m[43m([49m[43mobj[49m[43m,[49m[43m [49m[43mparent[49m[43m)[49m        
[32m    376[39m [38;5;28;01mfor[39;00m key,value [38;5;129;01min[39;00m obj.items():
[32m    377[39m     [38;5;28;01mif[39;00m [38;5;28mtype[39m(value) [38;5;129;01mis[39;00m [38;5;28mlist[39m:

[36mFile [39m[32m~/miniconda3/envs/insolation2/lib/python3.12/site-packages/pylipd/utils/rdf_to_lipd.py:576[39m, in [36mRDFToLiPD._set_interpretation_variable_label[39m[34m(self, interp, parent)[39m
[32m    574[39m             interp[[33m"[39m[33mvariable[39m[33m"[39m] = RSYNONYMS[[38;5;28mid[39m]
[32m    575[39m         [38;5;28;01melse[39;00m:
[32m--> [39m[32m576[39m             interp[[33m"[39m[33mvariable[39m[33m"[39m] = [43minterp[49m[43m[[49m[33;43m"[39;49m[33;43mhasVariable[39;49m[33;43m"[39;49m[43m][49m[43m[[49m[33;43m"[39;49m[33;43mlabel[39;49m[33;43m"[39;49m[43m][49m
[32m    577[39m     [38;5;28;01mdel[39;00m interp[[33m"[39m[33mhasVariable[39m[33m"[39m]
[32m    578[39m [38;5;28;01mreturn[39;00m interp

[31mKeyError[39m: 'label'

